Determining if the pthread_create exist failed with the following output:
Change Dir: /home/xionglin/NewDisk/345G/QT5/C++/practise2/cline_opencv_anna/cmake-build-debug/CMakeFiles/CMakeTmp

Run Build Command:"/usr/bin/make" "cmTC_4018d/fast"
/usr/bin/make -f CMakeFiles/cmTC_4018d.dir/build.make CMakeFiles/cmTC_4018d.dir/build
make[1]: Entering directory '/home/xionglin/NewDisk/345G/QT5/C++/practise2/cline_opencv_anna/cmake-build-debug/CMakeFiles/CMakeTmp'
Building C object CMakeFiles/cmTC_4018d.dir/CheckSymbolExists.c.o
/usr/bin/cc   -fPIC    -o CMakeFiles/cmTC_4018d.dir/CheckSymbolExists.c.o   -c /home/xionglin/NewDisk/345G/QT5/C++/practise2/cline_opencv_anna/cmake-build-debug/CMakeFiles/CMakeTmp/CheckSymbolExists.c
Linking C executable cmTC_4018d
/home/xionglin/NewDisk/274G1/programfiles/clion-2018.3.1/bin/cmake/linux/bin/cmake -E cmake_link_script CMakeFiles/cmTC_4018d.dir/link.txt --verbose=1
/usr/bin/cc -fPIC     CMakeFiles/cmTC_4018d.dir/CheckSymbolExists.c.o  -o cmTC_4018d 
CMakeFiles/cmTC_4018d.dir/CheckSymbolExists.c.o: In function `main':
CheckSymbolExists.c:(.text+0x1b): undefined reference to `pthread_create'
collect2: error: ld returned 1 exit status
CMakeFiles/cmTC_4018d.dir/build.make:86: recipe for target 'cmTC_4018d' failed
make[1]: *** [cmTC_4018d] Error 1
make[1]: Leaving directory '/home/xionglin/NewDisk/345G/QT5/C++/practise2/cline_opencv_anna/cmake-build-debug/CMakeFiles/CMakeTmp'
Makefile:121: recipe for target 'cmTC_4018d/fast' failed
make: *** [cmTC_4018d/fast] Error 2

File /home/xionglin/NewDisk/345G/QT5/C++/practise2/cline_opencv_anna/cmake-build-debug/CMakeFiles/CMakeTmp/CheckSymbolExists.c:
/* */
#include <pthread.h>

int main(int argc, char** argv)
{
  (void)argv;
#ifndef pthread_create
  return ((int*)(&pthread_create))[argc];
#else
  (void)argc;
  return 0;
#endif
}

Determining if the function pthread_create exists in the pthreads failed with the following output:
Change Dir: /home/xionglin/NewDisk/345G/QT5/C++/practise2/cline_opencv_anna/cmake-build-debug/CMakeFiles/CMakeTmp

Run Build Command:"/usr/bin/make" "cmTC_a3e27/fast"
/usr/bin/make -f CMakeFiles/cmTC_a3e27.dir/build.make CMakeFiles/cmTC_a3e27.dir/build
make[1]: Entering directory '/home/xionglin/NewDisk/345G/QT5/C++/practise2/cline_opencv_anna/cmake-build-debug/CMakeFiles/CMakeTmp'
Building C object CMakeFiles/cmTC_a3e27.dir/CheckFunctionExists.c.o
/usr/bin/cc   -fPIC -DCHECK_FUNCTION_EXISTS=pthread_create   -o CMakeFiles/cmTC_a3e27.dir/CheckFunctionExists.c.o   -c /home/xionglin/NewDisk/274G1/programfiles/clion-2018.3.1/bin/cmake/linux/share/cmake-3.13/Modules/CheckFunctionExists.c
Linking C executable cmTC_a3e27
/home/xionglin/NewDisk/274G1/programfiles/clion-2018.3.1/bin/cmake/linux/bin/cmake -E cmake_link_script CMakeFiles/cmTC_a3e27.dir/link.txt --verbose=1
/usr/bin/cc -fPIC -DCHECK_FUNCTION_EXISTS=pthread_create    CMakeFiles/cmTC_a3e27.dir/CheckFunctionExists.c.o  -o cmTC_a3e27 -lpthreads 
/usr/bin/ld: cannot find -lpthreads
collect2: error: ld returned 1 exit status
CMakeFiles/cmTC_a3e27.dir/build.make:86: recipe for target 'cmTC_a3e27' failed
make[1]: *** [cmTC_a3e27] Error 1
make[1]: Leaving directory '/home/xionglin/NewDisk/345G/QT5/C++/practise2/cline_opencv_anna/cmake-build-debug/CMakeFiles/CMakeTmp'
Makefile:121: recipe for target 'cmTC_a3e27/fast' failed
make: *** [cmTC_a3e27/fast] Error 2


